This file contains any messages produced by compilers while
running configure, to aid debugging if configure makes a mistake.

It was created by smartcardautentication configure 1.0, which was
generated by GNU Autoconf 2.71.  Invocation command line was

  $ ./configure

## --------- ##
## Platform. ##
## --------- ##

hostname = DESKTOP-MVQ0RP6
uname -m = x86_64
uname -r = 3.2.0-340.x86_64
uname -s = MINGW64_NT-10.0-19043
uname -v = 2021-08-02 16:30 UTC

/usr/bin/uname -p = unknown
/bin/uname -X     = unknown

/bin/arch              = x86_64
/usr/bin/arch -k       = unknown
/usr/convex/getsysinfo = unknown
/usr/bin/hostinfo      = unknown
/bin/machine           = unknown
/usr/bin/oslevel       = unknown
/bin/universe          = unknown

PATH: /mingw64/bin/
PATH: /usr/local/bin/
PATH: /usr/bin/
PATH: /bin/
PATH: /c/Windows/System32/
PATH: /c/Windows/
PATH: /c/Windows/System32/Wbem/
PATH: /c/Windows/System32/WindowsPowerShell/v1.0/
PATH: /usr/bin/site_perl/
PATH: /usr/bin/vendor_perl/
PATH: /usr/bin/core_perl/


## ----------- ##
## Core tests. ##
## ----------- ##

configure:1960: loading site script /etc/config.site
| # This file is in public domain.
| # Original author: Karlson2k (Evgeny Grin)
| # Written for MSys2 to help running 'configure' scripts
| 
| # Defaults for MSys2/MinGW64-targeted programs
| 
| # Set proper selfname on bash and fallback to default name on other shells
| test -n "${BASH_SOURCE}" 2>/dev/null && config_site_me="${BASH_SOURCE[0]##*/}" || config_site_me=config.site
| 
| # Set default 'host' to speedup configure
| if test -z "$build_alias"; then
|   build_alias="${MSYSTEM_CHOST}"  && \
|     ${as_echo-echo} "$config_site_me:${as_lineno-$LINENO}: default build_alias set to $build_alias" >&5
| fi
| 
| # Set default 'prefix'
| if ( test -z "$prefix" || test "x$prefix" = "xNONE" ) && \
|     ( test -z "$exec_prefix" || test "x$exec_prefix" = "xNONE" ); then
|   prefix="${MSYSTEM_PREFIX}" && \
|     ${as_echo-echo} "$config_site_me:${as_lineno-$LINENO}: default prefix set to $prefix" >&5
| fi
config.site:13: default build_alias set to x86_64-w64-mingw32
config.site:20: default prefix set to /mingw64
configure:2310: looking for aux files: compile config.rpath missing install-sh config.guess config.sub
configure:2323:  trying ./scripts/
configure:2352:   ./scripts/compile found
configure:2352:   ./scripts/config.rpath found
configure:2352:   ./scripts/missing found
configure:2334:   ./scripts/install-sh found
configure:2352:   ./scripts/config.guess found
configure:2352:   ./scripts/config.sub found
configure:2473: checking build system type
configure:2488: result: x86_64-w64-mingw32
configure:2508: checking host system type
configure:2522: result: x86_64-w64-mingw32
configure:2563: checking for a BSD-compatible install
configure:2636: result: /usr/bin/install -c
configure:2647: checking whether build environment is sane
configure:2702: result: yes
configure:2861: checking for a race-free mkdir -p
configure:2905: result: /usr/bin/mkdir -p
configure:2912: checking for gawk
configure:2933: found /usr/bin/gawk
configure:2944: result: gawk
configure:2955: checking whether make sets $(MAKE)
configure:2978: result: yes
configure:3008: checking whether make supports nested variables
configure:3026: result: yes
configure:3178: checking whether make supports the include directive
configure:3193: make -f confmf.GNU && cat confinc.out
this is the am__doit target
configure:3196: $? = 0
configure:3215: result: yes (GNU style)
configure:3291: checking for gcc
configure:3312: found /mingw64/bin/gcc
configure:3323: result: gcc
configure:3676: checking for C compiler version
configure:3685: gcc --version >&5
gcc.exe (Rev1, Built by MSYS2 project) 11.2.0
Copyright (C) 2021 Free Software Foundation, Inc.
This is free software; see the source for copying conditions.  There is NO
warranty; not even for MERCHANTABILITY or FITNESS FOR A PARTICULAR PURPOSE.

configure:3696: $? = 0
configure:3685: gcc -v >&5
Using built-in specs.
COLLECT_GCC=C:\msys64\mingw64\bin\gcc.exe
COLLECT_LTO_WRAPPER=C:/msys64/mingw64/bin/../lib/gcc/x86_64-w64-mingw32/11.2.0/lto-wrapper.exe
Target: x86_64-w64-mingw32
Configured with: ../gcc-11.2.0/configure --prefix=/mingw64 --with-local-prefix=/mingw64/local --build=x86_64-w64-mingw32 --host=x86_64-w64-mingw32 --target=x86_64-w64-mingw32 --with-native-system-header-dir=/mingw64/x86_64-w64-mingw32/include --libexecdir=/mingw64/lib --enable-bootstrap --enable-checking=release --with-arch=x86-64 --with-tune=generic --enable-languages=c,lto,c++,fortran,ada,objc,obj-c++,jit --enable-shared --enable-static --enable-libatomic --enable-threads=posix --enable-graphite --enable-fully-dynamic-string --enable-libstdcxx-filesystem-ts --enable-libstdcxx-time --disable-libstdcxx-pch --disable-libstdcxx-debug --enable-lto --enable-libgomp --disable-multilib --disable-rpath --disable-win32-registry --disable-nls --disable-werror --disable-symvers --with-libiconv --with-system-zlib --with-gmp=/mingw64 --with-mpfr=/mingw64 --with-mpc=/mingw64 --with-isl=/mingw64 --with-pkgversion='Rev1, Built by MSYS2 project' --with-bugurl=https://github.com/msys2/MINGW-packages/issues --with-gnu-as --with-gnu-ld --with-boot-ldflags='-pipe -Wl,--dynamicbase,--high-entropy-va,--nxcompat,--default-image-base-high -Wl,--disable-dynamicbase -static-libstdc++ -static-libgcc' 'LDFLAGS_FOR_TARGET=-pipe -Wl,--dynamicbase,--high-entropy-va,--nxcompat,--default-image-base-high' --enable-linker-plugin-flags='LDFLAGS=-static-libstdc++\ -static-libgcc\ -pipe\ -Wl,--dynamicbase,--high-entropy-va,--nxcompat,--default-image-base-high\ -Wl,--stack,12582912'
Thread model: posix
Supported LTO compression algorithms: zlib zstd
gcc version 11.2.0 (Rev1, Built by MSYS2 project) 
configure:3696: $? = 0
configure:3685: gcc -V >&5
gcc.exe: error: unrecognized command-line option '-V'
gcc.exe: fatal error: no input files
compilation terminated.
configure:3696: $? = 1
configure:3685: gcc -qversion >&5
gcc.exe: error: unrecognized command-line option '-qversion'; did you mean '--version'?
gcc.exe: fatal error: no input files
compilation terminated.
configure:3696: $? = 1
configure:3685: gcc -version >&5
gcc.exe: error: unrecognized command-line option '-version'
gcc.exe: fatal error: no input files
compilation terminated.
configure:3696: $? = 1
configure:3716: checking whether the C compiler works
configure:3738: gcc    conftest.c  >&5
configure:3742: $? = 0
configure:3792: result: yes
configure:3795: checking for C compiler default output file name
configure:3797: result: a.exe
configure:3803: checking for suffix of executables
configure:3810: gcc -o conftest.exe    conftest.c  >&5
configure:3814: $? = 0
configure:3837: result: .exe
configure:3859: checking whether we are cross compiling
configure:3867: gcc -o conftest.exe    conftest.c  >&5
configure:3871: $? = 0
configure:3878: ./conftest.exe
configure:3882: $? = 0
configure:3897: result: no
configure:3902: checking for suffix of object files
configure:3925: gcc -c   conftest.c >&5
configure:3929: $? = 0
configure:3951: result: o
configure:3955: checking whether the compiler supports GNU C
configure:3975: gcc -c   conftest.c >&5
configure:3975: $? = 0
configure:3985: result: yes
configure:3996: checking whether gcc accepts -g
configure:4017: gcc -c -g  conftest.c >&5
configure:4017: $? = 0
configure:4061: result: yes
configure:4081: checking for gcc option to enable C11 features
configure:4096: gcc  -c -g -O2  conftest.c >&5
configure:4096: $? = 0
configure:4114: result: none needed
configure:4230: checking whether gcc understands -c and -o together
configure:4253: gcc -c conftest.c -o conftest2.o
configure:4256: $? = 0
configure:4253: gcc -c conftest.c -o conftest2.o
configure:4256: $? = 0
configure:4268: result: yes
configure:4287: checking dependency style of gcc
configure:4399: result: none
configure:4440: checking for ld used by gcc
configure:4508: result: C:/msys64/mingw64/x86_64-w64-mingw32/bin/ld.exe
configure:4515: checking if the linker (C:/msys64/mingw64/x86_64-w64-mingw32/bin/ld.exe) is GNU ld
configure:4531: result: yes
configure:4539: checking for shared library run path origin
configure:4553: result: done
configure:4579: checking how to run the C preprocessor
configure:4605: gcc -E  conftest.c
configure:4605: $? = 0
configure:4620: gcc -E  conftest.c
conftest.c:11:10: fatal error: ac_nonexistent.h: No such file or directory
   11 | #include <ac_nonexistent.h>
      |          ^~~~~~~~~~~~~~~~~~
compilation terminated.
configure:4620: $? = 1
configure: failed program was:
| /* confdefs.h */
| #define PACKAGE_NAME "smartcardautentication"
| #define PACKAGE_TARNAME "smartcardautentication"
| #define PACKAGE_VERSION "1.0"
| #define PACKAGE_STRING "smartcardautentication 1.0"
| #define PACKAGE_BUGREPORT "gustavopsousa@gmail.com"
| #define PACKAGE_URL ""
| #define PACKAGE "smartcardautentication"
| #define VERSION "1.0"
| /* end confdefs.h.  */
| #include <ac_nonexistent.h>
configure:4647: result: gcc -E
configure:4661: gcc -E  conftest.c
configure:4661: $? = 0
configure:4676: gcc -E  conftest.c
conftest.c:11:10: fatal error: ac_nonexistent.h: No such file or directory
   11 | #include <ac_nonexistent.h>
      |          ^~~~~~~~~~~~~~~~~~
compilation terminated.
configure:4676: $? = 1
configure: failed program was:
| /* confdefs.h */
| #define PACKAGE_NAME "smartcardautentication"
| #define PACKAGE_TARNAME "smartcardautentication"
| #define PACKAGE_VERSION "1.0"
| #define PACKAGE_STRING "smartcardautentication 1.0"
| #define PACKAGE_BUGREPORT "gustavopsousa@gmail.com"
| #define PACKAGE_URL ""
| #define PACKAGE "smartcardautentication"
| #define VERSION "1.0"
| /* end confdefs.h.  */
| #include <ac_nonexistent.h>
configure:4707: checking for grep that handles long lines and -e
configure:4771: result: /usr/bin/grep
configure:4776: checking for egrep
configure:4844: result: /usr/bin/grep -E
configure:5411: checking for iconv
configure:5436: gcc -o conftest.exe -g -O2 -I/mingw64/include  conftest.c  >&5
C:/msys64/mingw64/bin/../lib/gcc/x86_64-w64-mingw32/11.2.0/../../../../x86_64-w64-mingw32/bin/ld.exe: C:\msys64\tmp\ccMWb0Sv.o: in function `main':
C:\msys64\home\Gustavo\plugins_pw3270\smartcardautentication/conftest.c:18: undefined reference to `libiconv_open'
C:/msys64/mingw64/bin/../lib/gcc/x86_64-w64-mingw32/11.2.0/../../../../x86_64-w64-mingw32/bin/ld.exe: C:\msys64\home\Gustavo\plugins_pw3270\smartcardautentication/conftest.c:19: undefined reference to `libiconv'
C:/msys64/mingw64/bin/../lib/gcc/x86_64-w64-mingw32/11.2.0/../../../../x86_64-w64-mingw32/bin/ld.exe: C:\msys64\home\Gustavo\plugins_pw3270\smartcardautentication/conftest.c:20: undefined reference to `libiconv_close'
collect2.exe: error: ld returned 1 exit status
configure:5436: $? = 1
configure: failed program was:
| /* confdefs.h */
| #define PACKAGE_NAME "smartcardautentication"
| #define PACKAGE_TARNAME "smartcardautentication"
| #define PACKAGE_VERSION "1.0"
| #define PACKAGE_STRING "smartcardautentication 1.0"
| #define PACKAGE_BUGREPORT "gustavopsousa@gmail.com"
| #define PACKAGE_URL ""
| #define PACKAGE "smartcardautentication"
| #define VERSION "1.0"
| /* end confdefs.h.  */
| 
| #include <stdlib.h>
| #include <iconv.h>
| 
| int
| main (void)
| {
| iconv_t cd = iconv_open("","");
|            iconv(cd,NULL,NULL,NULL,NULL);
|            iconv_close(cd);
|   ;
|   return 0;
| }
configure:5461: gcc -o conftest.exe -g -O2 -I/mingw64/include  conftest.c  /mingw64/lib/libiconv.dll.a -L/mingw64/lib >&5
configure:5461: $? = 0
configure:5472: result: yes
configure:5475: checking for working iconv
configure:5606: gcc -o conftest.exe -g -O2 -I/mingw64/include  conftest.c  /mingw64/lib/libiconv.dll.a -L/mingw64/lib >&5
configure:5606: $? = 0
configure:5606: ./conftest.exe
configure:5606: $? = 0
configure:5619: result: yes
configure:5634: checking how to link with libiconv
configure:5636: result: /mingw64/lib/libiconv.dll.a -L/mingw64/lib
configure:5647: checking for iconv declaration
configure:5677: gcc -c -g -O2 -I/mingw64/include conftest.c >&5
configure:5677: $? = 0
configure:5688: result:
         extern size_t iconv (iconv_t cd, char * *inbuf, size_t *inbytesleft, char * *outbuf, size_t *outbytesleft);
configure:5752: checking for gcc
configure:5784: result: gcc
configure:6137: checking for C compiler version
configure:6146: gcc --version >&5
gcc.exe (Rev1, Built by MSYS2 project) 11.2.0
Copyright (C) 2021 Free Software Foundation, Inc.
This is free software; see the source for copying conditions.  There is NO
warranty; not even for MERCHANTABILITY or FITNESS FOR A PARTICULAR PURPOSE.

configure:6157: $? = 0
configure:6146: gcc -v >&5
Using built-in specs.
COLLECT_GCC=C:\msys64\mingw64\bin\gcc.exe
COLLECT_LTO_WRAPPER=C:/msys64/mingw64/bin/../lib/gcc/x86_64-w64-mingw32/11.2.0/lto-wrapper.exe
Target: x86_64-w64-mingw32
Configured with: ../gcc-11.2.0/configure --prefix=/mingw64 --with-local-prefix=/mingw64/local --build=x86_64-w64-mingw32 --host=x86_64-w64-mingw32 --target=x86_64-w64-mingw32 --with-native-system-header-dir=/mingw64/x86_64-w64-mingw32/include --libexecdir=/mingw64/lib --enable-bootstrap --enable-checking=release --with-arch=x86-64 --with-tune=generic --enable-languages=c,lto,c++,fortran,ada,objc,obj-c++,jit --enable-shared --enable-static --enable-libatomic --enable-threads=posix --enable-graphite --enable-fully-dynamic-string --enable-libstdcxx-filesystem-ts --enable-libstdcxx-time --disable-libstdcxx-pch --disable-libstdcxx-debug --enable-lto --enable-libgomp --disable-multilib --disable-rpath --disable-win32-registry --disable-nls --disable-werror --disable-symvers --with-libiconv --with-system-zlib --with-gmp=/mingw64 --with-mpfr=/mingw64 --with-mpc=/mingw64 --with-isl=/mingw64 --with-pkgversion='Rev1, Built by MSYS2 project' --with-bugurl=https://github.com/msys2/MINGW-packages/issues --with-gnu-as --with-gnu-ld --with-boot-ldflags='-pipe -Wl,--dynamicbase,--high-entropy-va,--nxcompat,--default-image-base-high -Wl,--disable-dynamicbase -static-libstdc++ -static-libgcc' 'LDFLAGS_FOR_TARGET=-pipe -Wl,--dynamicbase,--high-entropy-va,--nxcompat,--default-image-base-high' --enable-linker-plugin-flags='LDFLAGS=-static-libstdc++\ -static-libgcc\ -pipe\ -Wl,--dynamicbase,--high-entropy-va,--nxcompat,--default-image-base-high\ -Wl,--stack,12582912'
Thread model: posix
Supported LTO compression algorithms: zlib zstd
gcc version 11.2.0 (Rev1, Built by MSYS2 project) 
configure:6157: $? = 0
configure:6146: gcc -V >&5
gcc.exe: error: unrecognized command-line option '-V'
gcc.exe: fatal error: no input files
compilation terminated.
configure:6157: $? = 1
configure:6146: gcc -qversion >&5
gcc.exe: error: unrecognized command-line option '-qversion'; did you mean '--version'?
gcc.exe: fatal error: no input files
compilation terminated.
configure:6157: $? = 1
configure:6146: gcc -version >&5
gcc.exe: error: unrecognized command-line option '-version'
gcc.exe: fatal error: no input files
compilation terminated.
configure:6157: $? = 1
configure:6161: checking whether the compiler supports GNU C
configure:6191: result: yes
configure:6202: checking whether gcc accepts -g
configure:6267: result: yes
configure:6287: checking for gcc option to enable C11 features
configure:6320: result: none needed
configure:6436: checking whether gcc understands -c and -o together
configure:6474: result: yes
configure:6493: checking dependency style of gcc
configure:6605: result: none
configure:6620: checking for a sed that does not truncate output
configure:6690: result: /usr/bin/sed
configure:6695: checking whether ln -s works
configure:6702: result: no, using cp -pR
configure:6804: checking for ar
configure:6827: found /mingw64/bin/ar
configure:6839: result: /mingw64/bin/ar
configure:6912: checking for windres
configure:6935: found /mingw64/bin/windres
configure:6947: result: /mingw64/bin/windres
configure:7029: checking for pkg-config
configure:7052: found /mingw64/bin/pkg-config
configure:7064: result: /mingw64/bin/pkg-config
configure:7089: checking pkg-config is at least version 0.9.0
configure:7092: result: yes
configure:7101: $PKG_CONFIG --exists --print-errors ""
Please specify at least one package name on the command line.
configure:7104: $? = 1
configure:7167: checking for xgettext
configure:7190: found /mingw64/bin/xgettext
configure:7202: result: /mingw64/bin/xgettext
configure:7275: checking for msgcat
configure:7298: found /mingw64/bin/msgcat
configure:7310: result: /mingw64/bin/msgcat
configure:7383: checking for msginit
configure:7406: found /mingw64/bin/msginit
configure:7418: result: /mingw64/bin/msginit
configure:7491: checking for msgmerge
configure:7514: found /mingw64/bin/msgmerge
configure:7526: result: /mingw64/bin/msgmerge
configure:7599: checking for msgfmt
configure:7622: found /mingw64/bin/msgfmt
configure:7634: result: /mingw64/bin/msgfmt
configure:7662: checking for LIB3270
configure:7669: $PKG_CONFIG --exists --print-errors "lib3270"
configure:7672: $? = 0
configure:7686: $PKG_CONFIG --exists --print-errors "lib3270"
configure:7689: $? = 0
configure:7727: result: yes
configure:7740: checking for V3270
configure:7747: $PKG_CONFIG --exists --print-errors "libv3270"
configure:7750: $? = 0
configure:7764: $PKG_CONFIG --exists --print-errors "libv3270"
configure:7767: $? = 0
configure:7805: result: yes
configure:7818: checking for GTK
configure:7825: $PKG_CONFIG --exists --print-errors "gtk+-3.0"
configure:7828: $? = 0
configure:7842: $PKG_CONFIG --exists --print-errors "gtk+-3.0"
configure:7845: $? = 0
configure:7883: result: yes
configure:7896: checking for GLIB
configure:7903: $PKG_CONFIG --exists --print-errors "glib-2.0 gobject-2.0 gmodule-2.0 gio-2.0"
configure:7906: $? = 0
configure:7920: $PKG_CONFIG --exists --print-errors "glib-2.0 gobject-2.0 gmodule-2.0 gio-2.0"
configure:7923: $? = 0
configure:7961: result: yes
configure:8109: checking that generated files are newer than configure
configure:8115: result: done
configure:8142: creating ./config.status

## ---------------------- ##
## Running config.status. ##
## ---------------------- ##

This file was extended by smartcardautentication config.status 1.0, which was
generated by GNU Autoconf 2.71.  Invocation command line was

  CONFIG_FILES    = 
  CONFIG_HEADERS  = 
  CONFIG_LINKS    = 
  CONFIG_COMMANDS = 
  $ ./config.status 

on DESKTOP-MVQ0RP6

config.status:890: creating Makefile
config.status:890: creating src/include/config.h
config.status:1071: src/include/config.h is unchanged
config.status:1119: executing depfiles commands

## ---------------- ##
## Cache variables. ##
## ---------------- ##

ac_cv_build=x86_64-w64-mingw32
ac_cv_c_compiler_gnu=yes
ac_cv_env_CC_set=
ac_cv_env_CC_value=
ac_cv_env_CFLAGS_set=
ac_cv_env_CFLAGS_value=
ac_cv_env_CPPFLAGS_set=
ac_cv_env_CPPFLAGS_value=
ac_cv_env_CPP_set=
ac_cv_env_CPP_value=
ac_cv_env_GLIB_CFLAGS_set=
ac_cv_env_GLIB_CFLAGS_value=
ac_cv_env_GLIB_LIBS_set=
ac_cv_env_GLIB_LIBS_value=
ac_cv_env_GTK_CFLAGS_set=
ac_cv_env_GTK_CFLAGS_value=
ac_cv_env_GTK_LIBS_set=
ac_cv_env_GTK_LIBS_value=
ac_cv_env_LDFLAGS_set=
ac_cv_env_LDFLAGS_value=
ac_cv_env_LIB3270_CFLAGS_set=
ac_cv_env_LIB3270_CFLAGS_value=
ac_cv_env_LIB3270_LIBS_set=
ac_cv_env_LIB3270_LIBS_value=
ac_cv_env_LIBS_set=
ac_cv_env_LIBS_value=
ac_cv_env_PKG_CONFIG_LIBDIR_set=
ac_cv_env_PKG_CONFIG_LIBDIR_value=
ac_cv_env_PKG_CONFIG_PATH_set=set
ac_cv_env_PKG_CONFIG_PATH_value=/mingw64/lib/pkgconfig:/mingw64/share/pkgconfig
ac_cv_env_PKG_CONFIG_set=
ac_cv_env_PKG_CONFIG_value=
ac_cv_env_V3270_CFLAGS_set=
ac_cv_env_V3270_CFLAGS_value=
ac_cv_env_V3270_LIBS_set=
ac_cv_env_V3270_LIBS_value=
ac_cv_env_build_alias_set=
ac_cv_env_build_alias_value=
ac_cv_env_host_alias_set=
ac_cv_env_host_alias_value=
ac_cv_env_target_alias_set=
ac_cv_env_target_alias_value=
ac_cv_exeext=.exe
ac_cv_host=x86_64-w64-mingw32
ac_cv_objext=o
ac_cv_path_EGREP='/usr/bin/grep -E'
ac_cv_path_GREP=/usr/bin/grep
ac_cv_path_SED=/usr/bin/sed
ac_cv_path_ac_pt_AR=/mingw64/bin/ar
ac_cv_path_ac_pt_MSGCAT=/mingw64/bin/msgcat
ac_cv_path_ac_pt_MSGFMT=/mingw64/bin/msgfmt
ac_cv_path_ac_pt_MSGINIT=/mingw64/bin/msginit
ac_cv_path_ac_pt_MSGMERGE=/mingw64/bin/msgmerge
ac_cv_path_ac_pt_PKG_CONFIG=/mingw64/bin/pkg-config
ac_cv_path_ac_pt_WINDRES=/mingw64/bin/windres
ac_cv_path_ac_pt_XGETTEXT=/mingw64/bin/xgettext
ac_cv_path_install='/usr/bin/install -c'
ac_cv_path_mkdir=/usr/bin/mkdir
ac_cv_prog_AWK=gawk
ac_cv_prog_CPP='gcc -E'
ac_cv_prog_ac_ct_CC=gcc
ac_cv_prog_cc_c11=
ac_cv_prog_cc_g=yes
ac_cv_prog_cc_stdc=
ac_cv_prog_make_make_set=yes
acl_cv_hardcode_direct=no
acl_cv_hardcode_libdir_flag_spec='-L$libdir'
acl_cv_hardcode_libdir_separator=
acl_cv_hardcode_minus_L=no
acl_cv_libext=a
acl_cv_libname_spec='lib$name'
acl_cv_library_names_spec='$libname.dll.a $libname.lib'
acl_cv_path_LD=C:/msys64/mingw64/x86_64-w64-mingw32/bin/ld.exe
acl_cv_prog_gnu_ld=yes
acl_cv_rpath=done
acl_cv_shlibext=dll
acl_cv_wl=-Wl,
am_cv_CC_dependencies_compiler_type=none
am_cv_func_iconv=yes
am_cv_func_iconv_works=yes
am_cv_lib_iconv=yes
am_cv_make_support_nested_variables=yes
am_cv_prog_cc_c_o=yes
am_cv_proto_iconv='extern size_t iconv (iconv_t cd, char * *inbuf, size_t *inbytesleft, char * *outbuf, size_t *outbytesleft);'
am_cv_proto_iconv_arg1=
app_cv_osname=windows
app_cv_pic=yes
pkg_cv_GLIB_CFLAGS='-IC:/msys64/mingw64/include/glib-2.0 -IC:/msys64/mingw64/lib/glib-2.0/include -IC:/msys64/mingw64/include -mms-bitfields -pthread -mms-bitfields '
pkg_cv_GLIB_LIBS='-LC:/msys64/mingw64/lib -lgmodule-2.0 -pthread -lglib-2.0 -lgio-2.0 -lgobject-2.0 -lglib-2.0 -lintl '
pkg_cv_GTK_CFLAGS='-IC:/msys64/mingw64/include/gtk-3.0 -IC:/msys64/mingw64/include/pango-1.0 -IC:/msys64/mingw64/include -IC:/msys64/mingw64/include/glib-2.0 -IC:/msys64/mingw64/lib/glib-2.0/include -IC:/msys64/mingw64/include/harfbuzz -IC:/msys64/mingw64/include/freetype2 -IC:/msys64/mingw64/include/libpng16 -mms-bitfields -IC:/msys64/mingw64/include/fribidi -IC:/msys64/mingw64/include/cairo -IC:/msys64/mingw64/include/lzo -IC:/msys64/mingw64/include/pixman-1 -mms-bitfields -mms-bitfields -mms-bitfields -mms-bitfields -mms-bitfields -mms-bitfields -mms-bitfields -IC:/msys64/mingw64/include/gdk-pixbuf-2.0 -mms-bitfields -mms-bitfields -mms-bitfields -IC:/msys64/mingw64/include/atk-1.0 -mms-bitfields -mms-bitfields -mms-bitfields -pthread -mms-bitfields '
pkg_cv_GTK_LIBS='-LC:/msys64/mingw64/lib -lgtk-3 -lgdk-3 -lz -lgdi32 -limm32 -lshell32 -lole32 -Wl,-luuid -lwinmm -ldwmapi -lsetupapi -lcfgmgr32 -lpangowin32-1.0 -lpangocairo-1.0 -lpango-1.0 -lharfbuzz -latk-1.0 -lcairo-gobject -lcairo -lgdk_pixbuf-2.0 -lgio-2.0 -lgobject-2.0 -lglib-2.0 -lintl '
pkg_cv_LIB3270_CFLAGS='-DLIB3270_NAME=3270 -DLIB3270_REVISION=20211108 '
pkg_cv_LIB3270_LIBS='-l3270 '
pkg_cv_V3270_CFLAGS='-DLIB3270_NAME=3270 -DLIB3270_REVISION=20211108 -IC:/msys64/mingw64/include/gtk-3.0 -IC:/msys64/mingw64/include/pango-1.0 -IC:/msys64/mingw64/include -IC:/msys64/mingw64/include/glib-2.0 -IC:/msys64/mingw64/lib/glib-2.0/include -IC:/msys64/mingw64/include/harfbuzz -IC:/msys64/mingw64/include/freetype2 -IC:/msys64/mingw64/include/libpng16 -mms-bitfields -IC:/msys64/mingw64/include/fribidi -IC:/msys64/mingw64/include/cairo -IC:/msys64/mingw64/include/lzo -IC:/msys64/mingw64/include/pixman-1 -mms-bitfields -mms-bitfields -mms-bitfields -mms-bitfields -mms-bitfields -mms-bitfields -mms-bitfields -IC:/msys64/mingw64/include/gdk-pixbuf-2.0 -mms-bitfields -mms-bitfields -mms-bitfields -IC:/msys64/mingw64/include/atk-1.0 -mms-bitfields -mms-bitfields -mms-bitfields -pthread -mms-bitfields '
pkg_cv_V3270_LIBS='-lv3270 -l3270 -LC:/msys64/mingw64/lib -lgtk-3 -lgdk-3 -lz -lgdi32 -limm32 -lshell32 -lole32 -Wl,-luuid -lwinmm -ldwmapi -lsetupapi -lcfgmgr32 -lpangowin32-1.0 -lpangocairo-1.0 -lpango-1.0 -lharfbuzz -latk-1.0 -lcairo-gobject -lcairo -lgdk_pixbuf-2.0 -lgio-2.0 -lgobject-2.0 -lglib-2.0 -lintl '

## ----------------- ##
## Output variables. ##
## ----------------- ##

ACLOCAL='${SHELL} '\''/home/Gustavo/plugins_pw3270/smartcardautentication/scripts/missing'\'' aclocal-1.16'
AMDEPBACKSLASH='\'
AMDEP_FALSE='#'
AMDEP_TRUE=''
AMTAR='$${TAR-tar}'
AM_BACKSLASH='\'
AM_DEFAULT_V='$(AM_DEFAULT_VERBOSITY)'
AM_DEFAULT_VERBOSITY='1'
AM_V='$(V)'
AR='/mingw64/bin/ar'
AUTOCONF='${SHELL} '\''/home/Gustavo/plugins_pw3270/smartcardautentication/scripts/missing'\'' autoconf'
AUTOHEADER='${SHELL} '\''/home/Gustavo/plugins_pw3270/smartcardautentication/scripts/missing'\'' autoheader'
AUTOMAKE='${SHELL} '\''/home/Gustavo/plugins_pw3270/smartcardautentication/scripts/missing'\'' automake-1.16'
AWK='gawk'
BASEDIR='/home/Gustavo/plugins_pw3270/smartcardautentication'
CC='gcc'
CCDEPMODE='depmode=none'
CFLAGS='-g -O2 -pthread -D_WIN32_WINNT=0x0600 -fPIC'
CPP='gcc -E'
CPPFLAGS='-I/mingw64/include'
CYGPATH_W='cygpath -w'
DEFS='-DHAVE_CONFIG_H'
DEPDIR='.deps'
DLLEXT='.dll'
ECHO_C=''
ECHO_N='-n'
ECHO_T=''
EGREP='/usr/bin/grep -E'
EXEEXT='.exe'
GLIB_CFLAGS='-IC:/msys64/mingw64/include/glib-2.0 -IC:/msys64/mingw64/lib/glib-2.0/include -IC:/msys64/mingw64/include -mms-bitfields -pthread -mms-bitfields '
GLIB_LIBS='-LC:/msys64/mingw64/lib -lgmodule-2.0 -pthread -lglib-2.0 -lgio-2.0 -lgobject-2.0 -lglib-2.0 -lintl '
GREP='/usr/bin/grep'
GTK_CFLAGS='-IC:/msys64/mingw64/include/gtk-3.0 -IC:/msys64/mingw64/include/pango-1.0 -IC:/msys64/mingw64/include -IC:/msys64/mingw64/include/glib-2.0 -IC:/msys64/mingw64/lib/glib-2.0/include -IC:/msys64/mingw64/include/harfbuzz -IC:/msys64/mingw64/include/freetype2 -IC:/msys64/mingw64/include/libpng16 -mms-bitfields -IC:/msys64/mingw64/include/fribidi -IC:/msys64/mingw64/include/cairo -IC:/msys64/mingw64/include/lzo -IC:/msys64/mingw64/include/pixman-1 -mms-bitfields -mms-bitfields -mms-bitfields -mms-bitfields -mms-bitfields -mms-bitfields -mms-bitfields -IC:/msys64/mingw64/include/gdk-pixbuf-2.0 -mms-bitfields -mms-bitfields -mms-bitfields -IC:/msys64/mingw64/include/atk-1.0 -mms-bitfields -mms-bitfields -mms-bitfields -pthread -mms-bitfields '
GTK_LIBS='-LC:/msys64/mingw64/lib -lgtk-3 -lgdk-3 -lz -lgdi32 -limm32 -lshell32 -lole32 -Wl,-luuid -lwinmm -ldwmapi -lsetupapi -lcfgmgr32 -lpangowin32-1.0 -lpangocairo-1.0 -lpango-1.0 -lharfbuzz -latk-1.0 -lcairo-gobject -lcairo -lgdk_pixbuf-2.0 -lgio-2.0 -lgobject-2.0 -lglib-2.0 -lintl '
INSTALL_DATA='${INSTALL} -m 644'
INSTALL_PROGRAM='${INSTALL}'
INSTALL_SCRIPT='${INSTALL}'
INSTALL_STRIP_PROGRAM='$(install_sh) -c -s'
INTL_LIBS=''
LDFLAGS=' -pthread'
LIB3270_CFLAGS='-DLIB3270_NAME=3270 -DLIB3270_REVISION=20211108 '
LIB3270_LIBS='-l3270 '
LIBICONV='/mingw64/lib/libiconv.dll.a -L/mingw64/lib'
LIBOBJS=''
LIBS=' -lws2_32 -lwtsapi32 -lcomdlg32'
LN_S='cp -pR'
LTLIBICONV='-L/mingw64/lib -liconv -R/mingw64/lib'
LTLIBOBJS=''
MAKEINFO='${SHELL} '\''/home/Gustavo/plugins_pw3270/smartcardautentication/scripts/missing'\'' makeinfo'
MKDIR_P='/usr/bin/mkdir -p'
MSGCAT='/mingw64/bin/msgcat'
MSGFMT='/mingw64/bin/msgfmt'
MSGINIT='/mingw64/bin/msginit'
MSGMERGE='/mingw64/bin/msgmerge'
OBJEXT='o'
OSNAME='windows'
PACKAGE='smartcardautentication'
PACKAGE_BUGREPORT='gustavopsousa@gmail.com'
PACKAGE_DESCRIPTION='PW3270 Sample autologin'
PACKAGE_NAME='smartcardautentication'
PACKAGE_STRING='smartcardautentication 1.0'
PACKAGE_TARNAME='smartcardautentication'
PACKAGE_URL=''
PACKAGE_VERSION='1.0'
PATH_SEPARATOR=':'
PKG_CONFIG='/mingw64/bin/pkg-config'
PKG_CONFIG_LIBDIR=''
PKG_CONFIG_PATH='/mingw64/lib/pkgconfig:/mingw64/share/pkgconfig'
SED='/usr/bin/sed'
SET_MAKE=''
SHELL='/bin/sh'
STRIP=''
V3270_CFLAGS='-DLIB3270_NAME=3270 -DLIB3270_REVISION=20211108 -IC:/msys64/mingw64/include/gtk-3.0 -IC:/msys64/mingw64/include/pango-1.0 -IC:/msys64/mingw64/include -IC:/msys64/mingw64/include/glib-2.0 -IC:/msys64/mingw64/lib/glib-2.0/include -IC:/msys64/mingw64/include/harfbuzz -IC:/msys64/mingw64/include/freetype2 -IC:/msys64/mingw64/include/libpng16 -mms-bitfields -IC:/msys64/mingw64/include/fribidi -IC:/msys64/mingw64/include/cairo -IC:/msys64/mingw64/include/lzo -IC:/msys64/mingw64/include/pixman-1 -mms-bitfields -mms-bitfields -mms-bitfields -mms-bitfields -mms-bitfields -mms-bitfields -mms-bitfields -IC:/msys64/mingw64/include/gdk-pixbuf-2.0 -mms-bitfields -mms-bitfields -mms-bitfields -IC:/msys64/mingw64/include/atk-1.0 -mms-bitfields -mms-bitfields -mms-bitfields -pthread -mms-bitfields '
V3270_LIBS='-lv3270 -l3270 -LC:/msys64/mingw64/lib -lgtk-3 -lgdk-3 -lz -lgdi32 -limm32 -lshell32 -lole32 -Wl,-luuid -lwinmm -ldwmapi -lsetupapi -lcfgmgr32 -lpangowin32-1.0 -lpangocairo-1.0 -lpango-1.0 -lharfbuzz -latk-1.0 -lcairo-gobject -lcairo -lgdk_pixbuf-2.0 -lgio-2.0 -lgobject-2.0 -lglib-2.0 -lintl '
VERSION='1.0'
WIN32_VERSION='21.11.25.16'
WINDRES='/mingw64/bin/windres'
XGETTEXT='/mingw64/bin/xgettext'
ac_ct_CC='gcc'
am__EXEEXT_FALSE='#'
am__EXEEXT_TRUE=''
am__fastdepCC_FALSE=''
am__fastdepCC_TRUE='#'
am__include='include'
am__isrc=''
am__leading_dot='.'
am__nodep='_no'
am__quote=''
am__tar='$${TAR-tar} chof - "$$tardir"'
am__untar='$${TAR-tar} xf -'
bindir='${exec_prefix}/bin'
build='x86_64-w64-mingw32'
build_alias='x86_64-w64-mingw32'
build_cpu='x86_64'
build_os='mingw32'
build_vendor='w64'
datadir='${datarootdir}'
datarootdir='${prefix}/share'
docdir='${datarootdir}/doc/${PACKAGE_TARNAME}'
dvidir='${docdir}'
exec_prefix='${prefix}'
host='x86_64-w64-mingw32'
host_alias=''
host_cpu='x86_64'
host_os='mingw32'
host_vendor='w64'
htmldir='${docdir}'
includedir='${prefix}/include'
infodir='${datarootdir}/info'
install_sh='${SHELL} /home/Gustavo/plugins_pw3270/smartcardautentication/scripts/install-sh'
libdir='${exec_prefix}/lib'
libexecdir='${exec_prefix}/libexec'
localedir='${datarootdir}/locale'
localstatedir='${prefix}/var'
mandir='${datarootdir}/man'
mkdir_p='$(MKDIR_P)'
oldincludedir='/usr/include'
pdfdir='${docdir}'
prefix='/mingw64'
program_transform_name='s,x,x,'
psdir='${docdir}'
runstatedir='${localstatedir}/run'
sbindir='${exec_prefix}/sbin'
sharedstatedir='${prefix}/com'
sysconfdir='${prefix}/etc'
target_alias=''

## ----------- ##
## confdefs.h. ##
## ----------- ##

/* confdefs.h */
#define PACKAGE_NAME "smartcardautentication"
#define PACKAGE_TARNAME "smartcardautentication"
#define PACKAGE_VERSION "1.0"
#define PACKAGE_STRING "smartcardautentication 1.0"
#define PACKAGE_BUGREPORT "gustavopsousa@gmail.com"
#define PACKAGE_URL ""
#define PACKAGE "smartcardautentication"
#define VERSION "1.0"
#define HAVE_ICONV 1
#define ICONV_CONST 
#define HAVE_LIB3270 /**/
#define HAVE_V3270 /**/
#define HAVE_GTK /**/
#define HAVE_GLIB /**/

configure: exit 0
